<?xml version="1.0" encoding="utf-8" standalone="no"?>
<!--This file represents the results of running a test suite-->
<test-results name="D:\DATA\Data\2016\Dec 2016\Training\Module 2\Developer Tools\Demo\CaclulateTest\CaclulateTest\bin\Debug\CaclulateTest.dll" total="4" errors="0" failures="0" not-run="1" inconclusive="0" ignored="1" skipped="0" invalid="0" date="2016-12-21" time="15:18:55">
  <environment nunit-version="2.6.2.12296" clr-version="2.0.50727.5485" os-version="Microsoft Windows NT 6.1.7601 Service Pack 1" platform="Win32NT" cwd="C:\Program Files\NUnit 2.6.2\bin" machine-name="PUNHWL15495" user="spatil45" user-domain="CORP" />
  <culture-info current-culture="en-US" current-uiculture="en-US" />
  <test-suite type="Assembly" name="D:\DATA\Data\2016\Dec 2016\Training\Module 2\Developer Tools\Demo\CaclulateTest\CaclulateTest\bin\Debug\CaclulateTest.dll" executed="True" result="Success" success="True" time="0.072" asserts="0">
    <results>
      <test-suite type="Namespace" name="CaclulateTest" executed="True" result="Success" success="True" time="0.065" asserts="0">
        <results>
          <test-suite type="TestFixture" name="CalculateTestClass" executed="True" result="Success" success="True" time="0.064" asserts="0">
            <results>
              <test-case name="CaclulateTest.CalculateTestClass.Addition" executed="True" result="Success" success="True" time="0.014" asserts="1" />
              <test-case name="CaclulateTest.CalculateTestClass.Divide" executed="False" result="Ignored">
                <reason>
                  <message><![CDATA[Will Test this Later]]></message>
                </reason>
              </test-case>
              <test-case name="CaclulateTest.CalculateTestClass.DivideWithException" executed="True" result="Success" success="True" time="0.003" asserts="0" />
              <test-case name="CaclulateTest.CalculateTestClass.Multiplication" executed="True" result="Success" success="True" time="0.000" asserts="1" />
              <test-case name="CaclulateTest.CalculateTestClass.Subtract" executed="True" result="Success" success="True" time="0.001" asserts="1" />
            </results>
          </test-suite>
        </results>
      </test-suite>
    </results>
  </test-suite>
</test-results>